<?xml version="1.0" encoding="UTF-8"?>
<!-- Generated by org.testng.reporters.JUnitReportReporter -->
<testsuite name="com.course.cases.UpdateUserInfoTest" tests="2" time="0.049" ignored="0" failures="0" timestamp="16 Dec 2024 08:03:46 GMT" skipped="0" hostname="DESKTOP-ENKLDEH" errors="0">
  <testcase name="updateUserInfo" time="0.024" classname="com.course.cases.UpdateUserInfoTest"/>
  <testcase name="deleteUser" time="0.025" classname="com.course.cases.UpdateUserInfoTest"/>
</testsuite> <!-- com.course.cases.UpdateUserInfoTest -->
