<?xml version="1.0" encoding="UTF-8"?>
<!-- Generated by org.testng.reporters.JUnitReportReporter -->
<testsuite name="com.course.cases.AddUserTest" tests="1" time="0.048" ignored="0" failures="0" timestamp="16 Dec 2024 08:03:46 GMT" skipped="0" hostname="DESKTOP-ENKLDEH" errors="0">
  <testcase name="addUser" time="0.048" classname="com.course.cases.AddUserTest"/>
</testsuite> <!-- com.course.cases.AddUserTest -->
