<?xml version="1.0" encoding="UTF-8" ?>
<testsuite tests="7" failures="0" name="TestSuite" time="1.253" errors="0" skipped="0">
  <properties>
    <property name="java.runtime.name" value="Java(TM) SE Runtime Environment"/>
    <property name="sun.boot.library.path" value="E:\Program Files\Java\jdk1.8.0_333\jre\bin"/>
    <property name="java.vm.version" value="25.333-b02"/>
    <property name="java.vm.vendor" value="Oracle Corporation"/>
    <property name="java.vendor.url" value="http://java.oracle.com/"/>
    <property name="path.separator" value=";"/>
    <property name="java.vm.name" value="Java HotSpot(TM) 64-Bit Server VM"/>
    <property name="file.encoding.pkg" value="sun.io"/>
    <property name="user.script" value=""/>
    <property name="user.country" value="CN"/>
    <property name="sun.java.launcher" value="SUN_STANDARD"/>
    <property name="sun.os.patch.level" value=""/>
    <property name="java.vm.specification.name" value="Java Virtual Machine Specification"/>
    <property name="user.dir" value="C:\Users\shenc\.ssh\workspace\muke\AutoTest\Chapter7"/>
    <property name="java.runtime.version" value="1.8.0_333-b02"/>
    <property name="java.awt.graphicsenv" value="sun.awt.Win32GraphicsEnvironment"/>
    <property name="basedir" value="C:\Users\shenc\.ssh\workspace\muke\AutoTest\Chapter7"/>
    <property name="java.endorsed.dirs" value="E:\Program Files\Java\jdk1.8.0_333\jre\lib\endorsed"/>
    <property name="os.arch" value="amd64"/>
    <property name="surefire.real.class.path" value="C:\Users\shenc\.ssh\workspace\muke\AutoTest\Chapter7\target\surefire\surefirebooter7199818727885225577.jar"/>
    <property name="java.io.tmpdir" value="C:\Users\shenc\AppData\Local\Temp\"/>
    <property name="line.separator" value="
"/>
    <property name="java.vm.specification.vendor" value="Oracle Corporation"/>
    <property name="user.variant" value=""/>
    <property name="os.name" value="Windows 10"/>
    <property name="sun.jnu.encoding" value="GBK"/>
    <property name="java.library.path" value="E:\Program Files\Java\jdk1.8.0_333\jre\bin;C:\Windows\Sun\Java\bin;C:\Windows\system32;C:\Windows;C:\Windows\system32;C:\Windows;C:\Windows\System32\Wbem;C:\Windows\System32\WindowsPowerShell\v1.0\;C:\Windows\System32\OpenSSH\;C:\Program Files (x86)\NVIDIA Corporation\PhysX\Common;C:\Program Files\NVIDIA Corporation\NVIDIA NvDLISR;E:\Program Files\Mysql\mysql-9.0.1-winx64\bin;E:\Program Files\Java\jdk1.8.0_333\bin;E:\Program Files\Git\cmd;E:\Program Files\apache-jmeter-5.6.3\bin;E:\Program Files\apache-maven-3.6.1\bin;C:\Users\shenc\AppData\Local\Microsoft\WindowsApps;;."/>
    <property name="surefire.test.class.path" value="C:\Users\shenc\.ssh\workspace\muke\AutoTest\Chapter7\target\test-classes;C:\Users\shenc\.ssh\workspace\muke\AutoTest\Chapter7\target\classes;C:\Users\shenc\.m2\repository\org\apache\httpcomponents\httpclient\4.5.2\httpclient-4.5.2.jar;C:\Users\shenc\.m2\repository\org\apache\httpcomponents\httpcore\4.4.4\httpcore-4.4.4.jar;C:\Users\shenc\.m2\repository\commons-logging\commons-logging\1.2\commons-logging-1.2.jar;C:\Users\shenc\.m2\repository\commons-codec\commons-codec\1.9\commons-codec-1.9.jar;C:\Users\shenc\.m2\repository\org\json\json\20170516\json-20170516.jar;C:\Users\shenc\.m2\repository\org\mybatis\mybatis\3.4.4\mybatis-3.4.4.jar;C:\Users\shenc\.m2\repository\mysql\mysql-connector-java\8.0.16\mysql-connector-java-8.0.16.jar;C:\Users\shenc\.m2\repository\com\google\protobuf\protobuf-java\3.6.1\protobuf-java-3.6.1.jar;C:\Users\shenc\.m2\repository\org\projectlombok\lombok\1.16.14\lombok-1.16.14.jar;C:\Users\shenc\.m2\repository\com\relevantcodes\extentreports\2.41.1\extentreports-2.41.1.jar;C:\Users\shenc\.m2\repository\org\jsoup\jsoup\1.8.3\jsoup-1.8.3.jar;C:\Users\shenc\.m2\repository\org\xerial\sqlite-jdbc\3.8.11.1\sqlite-jdbc-3.8.11.1.jar;C:\Users\shenc\.m2\repository\org\freemarker\freemarker\2.3.23\freemarker-2.3.23.jar;C:\Users\shenc\.m2\repository\org\mongodb\mongodb-driver\3.0.4\mongodb-driver-3.0.4.jar;C:\Users\shenc\.m2\repository\org\mongodb\bson\3.0.4\bson-3.0.4.jar;C:\Users\shenc\.m2\repository\org\mongodb\mongodb-driver-core\3.0.4\mongodb-driver-core-3.0.4.jar;C:\Users\shenc\.m2\repository\com\vimalselvam\testng-extentsreport\1.3.1\testng-extentsreport-1.3.1.jar;C:\Users\shenc\.m2\repository\com\google\guava\guava\20.0\guava-20.0.jar;C:\Users\shenc\.m2\repository\com\aventstack\extentreports\3.0.6\extentreports-3.0.6.jar;C:\Users\shenc\.m2\repository\org\apache\httpcomponents\httpmime\4.5.2\httpmime-4.5.2.jar;C:\Users\shenc\.m2\repository\org\testng\testng\6.10\testng-6.10.jar;C:\Users\shenc\.m2\repository\com\beust\jcommander\1.48\jcommander-1.48.jar;"/>
    <property name="java.specification.name" value="Java Platform API Specification"/>
    <property name="java.class.version" value="52.0"/>
    <property name="sun.management.compiler" value="HotSpot 64-Bit Tiered Compilers"/>
    <property name="os.version" value="10.0"/>
    <property name="user.home" value="C:\Users\shenc"/>
    <property name="user.timezone" value="Asia/Shanghai"/>
    <property name="java.awt.printerjob" value="sun.awt.windows.WPrinterJob"/>
    <property name="java.specification.version" value="1.8"/>
    <property name="file.encoding" value="GBK"/>
    <property name="user.name" value="shenc"/>
    <property name="java.class.path" value="C:\Users\shenc\.ssh\workspace\muke\AutoTest\Chapter7\target\test-classes;C:\Users\shenc\.ssh\workspace\muke\AutoTest\Chapter7\target\classes;C:\Users\shenc\.m2\repository\org\apache\httpcomponents\httpclient\4.5.2\httpclient-4.5.2.jar;C:\Users\shenc\.m2\repository\org\apache\httpcomponents\httpcore\4.4.4\httpcore-4.4.4.jar;C:\Users\shenc\.m2\repository\commons-logging\commons-logging\1.2\commons-logging-1.2.jar;C:\Users\shenc\.m2\repository\commons-codec\commons-codec\1.9\commons-codec-1.9.jar;C:\Users\shenc\.m2\repository\org\json\json\20170516\json-20170516.jar;C:\Users\shenc\.m2\repository\org\mybatis\mybatis\3.4.4\mybatis-3.4.4.jar;C:\Users\shenc\.m2\repository\mysql\mysql-connector-java\8.0.16\mysql-connector-java-8.0.16.jar;C:\Users\shenc\.m2\repository\com\google\protobuf\protobuf-java\3.6.1\protobuf-java-3.6.1.jar;C:\Users\shenc\.m2\repository\org\projectlombok\lombok\1.16.14\lombok-1.16.14.jar;C:\Users\shenc\.m2\repository\com\relevantcodes\extentreports\2.41.1\extentreports-2.41.1.jar;C:\Users\shenc\.m2\repository\org\jsoup\jsoup\1.8.3\jsoup-1.8.3.jar;C:\Users\shenc\.m2\repository\org\xerial\sqlite-jdbc\3.8.11.1\sqlite-jdbc-3.8.11.1.jar;C:\Users\shenc\.m2\repository\org\freemarker\freemarker\2.3.23\freemarker-2.3.23.jar;C:\Users\shenc\.m2\repository\org\mongodb\mongodb-driver\3.0.4\mongodb-driver-3.0.4.jar;C:\Users\shenc\.m2\repository\org\mongodb\bson\3.0.4\bson-3.0.4.jar;C:\Users\shenc\.m2\repository\org\mongodb\mongodb-driver-core\3.0.4\mongodb-driver-core-3.0.4.jar;C:\Users\shenc\.m2\repository\com\vimalselvam\testng-extentsreport\1.3.1\testng-extentsreport-1.3.1.jar;C:\Users\shenc\.m2\repository\com\google\guava\guava\20.0\guava-20.0.jar;C:\Users\shenc\.m2\repository\com\aventstack\extentreports\3.0.6\extentreports-3.0.6.jar;C:\Users\shenc\.m2\repository\org\apache\httpcomponents\httpmime\4.5.2\httpmime-4.5.2.jar;C:\Users\shenc\.m2\repository\org\testng\testng\6.10\testng-6.10.jar;C:\Users\shenc\.m2\repository\com\beust\jcommander\1.48\jcommander-1.48.jar;"/>
    <property name="java.vm.specification.version" value="1.8"/>
    <property name="sun.arch.data.model" value="64"/>
    <property name="java.home" value="E:\Program Files\Java\jdk1.8.0_333\jre"/>
    <property name="sun.java.command" value="C:\Users\shenc\.ssh\workspace\muke\AutoTest\Chapter7\target\surefire\surefirebooter7199818727885225577.jar C:\Users\shenc\.ssh\workspace\muke\AutoTest\Chapter7\target\surefire\surefire3112623546567179107tmp C:\Users\shenc\.ssh\workspace\muke\AutoTest\Chapter7\target\surefire\surefire3117845301582205392tmp"/>
    <property name="java.specification.vendor" value="Oracle Corporation"/>
    <property name="user.language" value="zh"/>
    <property name="awt.toolkit" value="sun.awt.windows.WToolkit"/>
    <property name="java.vm.info" value="mixed mode"/>
    <property name="java.version" value="1.8.0_333"/>
    <property name="java.ext.dirs" value="E:\Program Files\Java\jdk1.8.0_333\jre\lib\ext;C:\Windows\Sun\Java\lib\ext"/>
    <property name="sun.boot.class.path" value="E:\Program Files\Java\jdk1.8.0_333\jre\lib\resources.jar;E:\Program Files\Java\jdk1.8.0_333\jre\lib\rt.jar;E:\Program Files\Java\jdk1.8.0_333\jre\lib\sunrsasign.jar;E:\Program Files\Java\jdk1.8.0_333\jre\lib\jsse.jar;E:\Program Files\Java\jdk1.8.0_333\jre\lib\jce.jar;E:\Program Files\Java\jdk1.8.0_333\jre\lib\charsets.jar;E:\Program Files\Java\jdk1.8.0_333\jre\lib\jfr.jar;E:\Program Files\Java\jdk1.8.0_333\jre\classes"/>
    <property name="java.vendor" value="Oracle Corporation"/>
    <property name="localRepository" value="C:\Users\shenc\.m2\repository"/>
    <property name="file.separator" value="\"/>
    <property name="java.vendor.url.bug" value="http://bugreport.sun.com/bugreport/"/>
    <property name="sun.cpu.endian" value="little"/>
    <property name="sun.io.unicode.encoding" value="UnicodeLittle"/>
    <property name="sun.desktop" value="windows"/>
    <property name="sun.cpu.isalist" value="amd64"/>
  </properties>
  <testcase classname="com.course.cases.LoginTest" name="loginTrue" time="0.355"/>
  <testcase classname="com.course.cases.LoginTest" name="loginFalse" time="0.029"/>
  <testcase classname="com.course.cases.AddUserTest" name="addUser" time="0.048"/>
  <testcase classname="com.course.cases.UpdateUserInfoTest" name="deleteUser" time="0.026"/>
  <testcase classname="com.course.cases.UpdateUserInfoTest" name="updateUserInfo" time="0.024"/>
  <testcase classname="com.course.cases.GetUserInfoTest" name="getUserInfo" time="0.025"/>
  <testcase classname="com.course.cases.GetUserListTest" name="getUserListInfo" time="0.04"/>
</testsuite>